<?xml version="1.0" encoding="UTF-8"?>
<testng-results ignored="0" total="1" passed="1" failed="0" skipped="0">
  <reporter-output>
  </reporter-output>
  <suite started-at="2021-07-18T21:47:19 EDT" name="Default suite" finished-at="2021-07-18T21:47:35 EDT" duration-ms="16194">
    <groups>
    </groups>
    <test started-at="2021-07-18T21:47:19 EDT" name="Default test" finished-at="2021-07-18T21:47:35 EDT" duration-ms="16194">
      <class name="dataDrivenTestScripts.VerifyFundsTransferTest">
        <test-method is-config="true" signature="openApplication()[pri:0, instance:dataDrivenTestScripts.VerifyFundsTransferTest@2794eab6]" started-at="2021-07-18T21:47:19 EDT" name="openApplication" finished-at="2021-07-18T21:47:23 EDT" duration-ms="3757" status="PASS">
          <reporter-output>
          </reporter-output>
        </test-method> <!-- openApplication -->
        <test-method signature="VerifyFundsTransfer()[pri:0, instance:dataDrivenTestScripts.VerifyFundsTransferTest@2794eab6]" started-at="2021-07-18T21:47:23 EDT" name="VerifyFundsTransfer" finished-at="2021-07-18T21:47:35 EDT" duration-ms="12189" status="PASS">
          <reporter-output>
          </reporter-output>
        </test-method> <!-- VerifyFundsTransfer -->
        <test-method is-config="true" signature="closeApplication()[pri:0, instance:dataDrivenTestScripts.VerifyFundsTransferTest@2794eab6]" started-at="2021-07-18T21:47:35 EDT" name="closeApplication" finished-at="2021-07-18T21:47:35 EDT" duration-ms="180" status="PASS">
          <reporter-output>
          </reporter-output>
        </test-method> <!-- closeApplication -->
      </class> <!-- dataDrivenTestScripts.VerifyFundsTransferTest -->
    </test> <!-- Default test -->
  </suite> <!-- Default suite -->
</testng-results>
