<?xml version="1.0" encoding="UTF-8"?>
<testng-results ignored="0" total="1" passed="1" failed="0" skipped="0">
  <reporter-output>
  </reporter-output>
  <suite started-at="2021-06-17T13:32:54 EDT" name="Default suite" finished-at="2021-06-17T13:33:12 EDT" duration-ms="18230">
    <groups>
    </groups>
    <test started-at="2021-06-17T13:32:54 EDT" name="Default test" finished-at="2021-06-17T13:33:12 EDT" duration-ms="18230">
      <class name="dataDrivenTestScripts.VerifyFundsTransferTest">
        <test-method is-config="true" signature="openApplication()[pri:0, instance:dataDrivenTestScripts.VerifyFundsTransferTest@39fc6b2c]" started-at="2021-06-17T13:32:54 EDT" name="openApplication" finished-at="2021-06-17T13:32:58 EDT" duration-ms="4078" status="PASS">
          <reporter-output>
          </reporter-output>
        </test-method> <!-- openApplication -->
        <test-method signature="VerifyFundsTransfer()[pri:0, instance:dataDrivenTestScripts.VerifyFundsTransferTest@39fc6b2c]" started-at="2021-06-17T13:32:58 EDT" name="VerifyFundsTransfer" finished-at="2021-06-17T13:33:12 EDT" duration-ms="13793" status="PASS">
          <reporter-output>
          </reporter-output>
        </test-method> <!-- VerifyFundsTransfer -->
        <test-method is-config="true" signature="closeApplication()[pri:0, instance:dataDrivenTestScripts.VerifyFundsTransferTest@39fc6b2c]" started-at="2021-06-17T13:33:12 EDT" name="closeApplication" finished-at="2021-06-17T13:33:12 EDT" duration-ms="165" status="PASS">
          <reporter-output>
          </reporter-output>
        </test-method> <!-- closeApplication -->
      </class> <!-- dataDrivenTestScripts.VerifyFundsTransferTest -->
    </test> <!-- Default test -->
  </suite> <!-- Default suite -->
</testng-results>
